<?xml version="1.0" encoding="UTF-8"?>
<!-- Generated by org.testng.reporters.JUnitReportReporter -->
<testsuite hostname="MININT-7I81DG4" failures="0" tests="1" name="tests.LandingPageTest" time="4.467" errors="0" timestamp="11 Jun 2020 03:03:10 GMT" skipped="0">
  <testcase classname="tests.LandingPageTest" name="testLandingPage" time="4.467"/>
</testsuite> <!-- tests.LandingPageTest -->
